<?xml version="1.0" encoding="UTF-8"?>
<!-- Generated by org.testng.reporters.JUnitReportReporter -->
<testsuite skipped="0" hostname="DESKTOP-753JITE" name="TestCases.TestCase01" tests="4" failures="0" timestamp="01 Apr 2021 18:39:05 GMT" time="23.979" errors="0">
  <testcase name="SearchShow" time="11.115" classname="TestCases.TestCase01"/>
  <testcase name="selectshow" time="8.857" classname="TestCases.TestCase01"/>
  <testcase name="verifyPage" time="0.034" classname="TestCases.TestCase01"/>
  <testcase name="captureScreenshot" time="3.973" classname="TestCases.TestCase01"/>
</testsuite> <!-- TestCases.TestCase01 -->
